<?xml version="1.0" encoding="UTF-8"?>
<!-- Generated by org.testng.reporters.JUnitXMLReporter -->
<testsuite hostname="DESKTOP-CN3G2S6" ignored="0" name="Eagleconferencing Test Cases" tests="46" failures="2" timestamp="12 Sep 2019 11:09:17 GMT" time="1291.955" errors="0">
  <testcase name="SelectdropEmailgroup" time="21.804" classname="com.eagle.qa.testcases.SelectingEmail_group"/>
  <testcase name="forgotpassword" time="34.534" classname="com.eagle.qa.testcases.forgotPassword"/>
  <testcase name="CreateGroups" time="30.87" classname="com.eagle.qa.testcases.Create_Group"/>
  <testcase name="CreateGroups" time="30.906" classname="com.eagle.qa.testcases.Create_Group"/>
  <testcase name="CreateGroups" time="30.897" classname="com.eagle.qa.testcases.Create_Group"/>
  <testcase name="CreateGroups" time="30.859" classname="com.eagle.qa.testcases.Create_Group"/>
  <testcase name="CreateGroups" time="31.16" classname="com.eagle.qa.testcases.Create_Group"/>
  <testcase name="CreateGroups" time="31.184" classname="com.eagle.qa.testcases.Create_Group"/>
  <testcase name="CreateGroups" time="30.885" classname="com.eagle.qa.testcases.Create_Group"/>
  <testcase name="CreateGroups" time="30.855" classname="com.eagle.qa.testcases.Create_Group"/>
  <testcase name="CreateGroups" time="30.999" classname="com.eagle.qa.testcases.Create_Group"/>
  <testcase name="CreateGroups" time="30.91" classname="com.eagle.qa.testcases.Create_Group"/>
  <testcase name="Logoutsuccessful" time="5.942" classname="com.eagle.qa.testcases.Log_out"/>
  <testcase name="WebConference__invitation" time="1.688" classname="com.eagle.qa.testcases.WebConference_invitation"/>
  <testcase name="AddContacts" time="49.591" classname="com.eagle.qa.testcases.Add_Contacts"/>
  <testcase name="AddContacts" time="31.488" classname="com.eagle.qa.testcases.Add_Contacts"/>
  <testcase name="Morderotor" time="15.155" classname="com.eagle.qa.testcases.Moderator"/>
  <testcase name="Participant_Passcode" time="15.145" classname="com.eagle.qa.testcases.Moderator"/>
  <testcase name="Groupdelete2_successfuly" time="20.923" classname="com.eagle.qa.testcases.Deletegroup_one_by_one"/>
  <testcase name="Groupdelete3_successfuly" time="20.904" classname="com.eagle.qa.testcases.Deletegroup_one_by_one"/>
  <testcase name="Groupdelete4_successfuly" time="20.883" classname="com.eagle.qa.testcases.Deletegroup_one_by_one"/>
  <testcase name="Groupdelete_successfuly" time="22.368" classname="com.eagle.qa.testcases.Deletegroup_one_by_one"/>
  <testcase name="payment" time="11.306" classname="com.eagle.qa.testcases.Payment_test"/>
  <testcase name="UpdateandediteProfile" time="46.263" classname="com.eagle.qa.testcases.Profile_page_testcase"/>
  <testcase name="UpdateandediteProfile" time="46.296" classname="com.eagle.qa.testcases.Profile_page_testcase"/>
  <testcase name="WebConference__invitation_both" time="2.189" classname="com.eagle.qa.testcases.Conference_both"/>
  <testcase name="Changepassword_successfuily" time="3.535" classname="com.eagle.qa.testcases.Change_Passwordtest"/>
  <testcase name="onfer_Invitation" time="26.751" classname="com.eagle.qa.testcases.Aoudio_conference"/>
  <testcase name="Recorder" time="16.052" classname="com.eagle.qa.testcases.RecorderTestcase"/>
  <testcase name="Log_and_Report" time="68.385" classname="com.eagle.qa.testcases.Log_and_report"/>
  <testcase name="last30day_Report" time="11.911" classname="com.eagle.qa.testcases.Log_and_report"/>
  <testcase name="last7day_Report" time="10.808" classname="com.eagle.qa.testcases.Log_and_report"/>
  <testcase name="lastmonth_Report" time="10.832" classname="com.eagle.qa.testcases.Log_and_report"/>
  <testcase name="thismonth_Report" time="10.794" classname="com.eagle.qa.testcases.Log_and_report"/>
  <testcase name="today_Report" time="10.65" classname="com.eagle.qa.testcases.Log_and_report"/>
  <testcase name="yestrday_report" time="10.785" classname="com.eagle.qa.testcases.Log_and_report"/>
  <testcase name="Account_Info" time="5.063" classname="com.eagle.qa.testcases.Home_Information"/>
  <testcase name="Account_Number" time="5.069" classname="com.eagle.qa.testcases.Home_Information"/>
  <testcase name="Alternate_Account" time="5.074" classname="com.eagle.qa.testcases.Home_Information"/>
  <testcase name="Current_Package" time="5.079" classname="com.eagle.qa.testcases.Home_Information"/>
  <testcase name="Next_Billing_Date" time="5.075" classname="com.eagle.qa.testcases.Home_Information"/>
  <testcase name="Registratin" time="0.983" classname="com.eagle.qa.testcases.Registration_page"/>
  <testcase name="Loginsuccessfuly" time="1.641" classname="com.eagle.qa.testcases.Login_page"/>
  <testcase name="delete" time="20.575" classname="com.eagle.qa.testcases.Create_Group">
    <failure type="org.openqa.selenium.NoSuchElementException" message="no such element: Unable to locate element: {&amp;quot;method&amp;quot;:&amp;quot;xpath&amp;quot;,&amp;quot;selector&amp;quot;:&amp;quot;//*[@id=&amp;apos;manageEmailGroupModal&amp;apos;]/div/div/div[2]/div[3]/div[3]/ul/li/div[2]/div[1]/button[3]/span/i&amp;quot;}
  (Session info: chrome=76.0.3809.132)
  (Driver info: chromedriver=72.0.3626.69 (3c16f8a135abc0d4da2dff33804db79b849a7c38),platform=Windows NT 10.0.17134 x86_64) (WARNING: The server did not provide any stacktrace information)
Command duration or timeout: 0 milliseconds
For documentation on this error, please visit: http://seleniumhq.org/exceptions/no_such_element.html
Build info: version: &amp;apos;3.5.3&amp;apos;, revision: &amp;apos;a88d25fe6b&amp;apos;, time: &amp;apos;2017-08-29T12:42:44.417Z&amp;apos;
System info: host: &amp;apos;DESKTOP-CN3G2S6&amp;apos;, ip: &amp;apos;192.168.65.2&amp;apos;, os.name: &amp;apos;Windows 10&amp;apos;, os.arch: &amp;apos;amd64&amp;apos;, os.version: &amp;apos;10.0&amp;apos;, java.version: &amp;apos;1.8.0_191&amp;apos;
Driver info: org.openqa.selenium.chrome.ChromeDriver
Capabilities [{mobileEmulationEnabled=false, timeouts={implicit=0, pageLoad=300000, script=30000}, hasTouchScreen=false, platform=XP, acceptSslCerts=false, goog:chromeOptions={debuggerAddress=localhost:35249}, acceptInsecureCerts=false, webStorageEnabled=true, browserName=chrome, takesScreenshot=true, javascriptEnabled=true, platformName=XP, setWindowRect=true, unexpectedAlertBehaviour=ignore, applicationCacheEnabled=false, rotatable=false, networkConnectionEnabled=false, chrome={chromedriverVersion=72.0.3626.69 (3c16f8a135abc0d4da2dff33804db79b849a7c38), userDataDir=C:\Users\dell\AppData\Local\Temp\scoped_dir43788_8695}, takesHeapSnapshot=true, unhandledPromptBehavior=ignore, pageLoadStrategy=normal, databaseEnabled=false, handlesAlerts=true, version=76.0.3809.132, browserConnectionEnabled=false, proxy=Proxy(), nativeEvents=true, locationContextEnabled=true, cssSelectorsEnabled=true}]
Session ID: 6db3c622b1be63fc50e33d5ae65d1375
*** Element info: {Using=xpath, value=//*[@id=&amp;apos;manageEmailGroupModal&amp;apos;]/div/div/div[2]/div[3]/div[3]/ul/li/div[2]/div[1]/button[3]/span/i}">
      <![CDATA[org.openqa.selenium.NoSuchElementException: no such element: Unable to locate element: {"method":"xpath","selector":"//*[@id='manageEmailGroupModal']/div/div/div[2]/div[3]/div[3]/ul/li/div[2]/div[1]/button[3]/span/i"}
  (Session info: chrome=76.0.3809.132)
  (Driver info: chromedriver=72.0.3626.69 (3c16f8a135abc0d4da2dff33804db79b849a7c38),platform=Windows NT 10.0.17134 x86_64) (WARNING: The server did not provide any stacktrace information)
Command duration or timeout: 0 milliseconds
For documentation on this error, please visit: http://seleniumhq.org/exceptions/no_such_element.html
Build info: version: '3.5.3', revision: 'a88d25fe6b', time: '2017-08-29T12:42:44.417Z'
System info: host: 'DESKTOP-CN3G2S6', ip: '192.168.65.2', os.name: 'Windows 10', os.arch: 'amd64', os.version: '10.0', java.version: '1.8.0_191'
Driver info: org.openqa.selenium.chrome.ChromeDriver
Capabilities [{mobileEmulationEnabled=false, timeouts={implicit=0, pageLoad=300000, script=30000}, hasTouchScreen=false, platform=XP, acceptSslCerts=false, goog:chromeOptions={debuggerAddress=localhost:35249}, acceptInsecureCerts=false, webStorageEnabled=true, browserName=chrome, takesScreenshot=true, javascriptEnabled=true, platformName=XP, setWindowRect=true, unexpectedAlertBehaviour=ignore, applicationCacheEnabled=false, rotatable=false, networkConnectionEnabled=false, chrome={chromedriverVersion=72.0.3626.69 (3c16f8a135abc0d4da2dff33804db79b849a7c38), userDataDir=C:\Users\dell\AppData\Local\Temp\scoped_dir43788_8695}, takesHeapSnapshot=true, unhandledPromptBehavior=ignore, pageLoadStrategy=normal, databaseEnabled=false, handlesAlerts=true, version=76.0.3809.132, browserConnectionEnabled=false, proxy=Proxy(), nativeEvents=true, locationContextEnabled=true, cssSelectorsEnabled=true}]
Session ID: 6db3c622b1be63fc50e33d5ae65d1375
*** Element info: {Using=xpath, value=//*[@id='manageEmailGroupModal']/div/div/div[2]/div[3]/div[3]/ul/li/div[2]/div[1]/button[3]/span/i}
	at org.openqa.selenium.remote.ErrorHandler.createThrowable(ErrorHandler.java:215)
	at org.openqa.selenium.remote.ErrorHandler.throwIfResponseFailed(ErrorHandler.java:167)
	at org.openqa.selenium.remote.http.JsonHttpResponseCodec.reconstructValue(JsonHttpResponseCodec.java:40)
	at org.openqa.selenium.remote.http.AbstractHttpResponseCodec.decode(AbstractHttpResponseCodec.java:82)
	at org.openqa.selenium.remote.http.AbstractHttpResponseCodec.decode(AbstractHttpResponseCodec.java:45)
	at org.openqa.selenium.remote.HttpCommandExecutor.execute(HttpCommandExecutor.java:164)
	at org.openqa.selenium.remote.service.DriverCommandExecutor.execute(DriverCommandExecutor.java:82)
	at org.openqa.selenium.remote.RemoteWebDriver.execute(RemoteWebDriver.java:646)
	at org.openqa.selenium.remote.RemoteWebDriver.findElement(RemoteWebDriver.java:416)
	at org.openqa.selenium.remote.RemoteWebDriver.findElementByXPath(RemoteWebDriver.java:518)
	at org.openqa.selenium.By$ByXPath.findElement(By.java:361)
	at org.openqa.selenium.remote.RemoteWebDriver.findElement(RemoteWebDriver.java:408)
	at org.openqa.selenium.support.events.EventFiringWebDriver$2.invoke(EventFiringWebDriver.java:105)
	at com.sun.proxy.$Proxy8.findElement(Unknown Source)
	at org.openqa.selenium.support.events.EventFiringWebDriver.findElement(EventFiringWebDriver.java:189)
	at com.eagle.qa.testcases.Create_Group.delete(Create_Group.java:44)
... Removed 32 stack frames]]>
    </failure>
  </testcase> <!-- delete -->
  <testcase name="cancelbutton" time="18.56" classname="com.eagle.qa.testcases.Add_Contacts"/>
  <testcase name="Deletecontacts" time="50.851" classname="com.eagle.qa.testcases.Add_Contacts">
    <failure type="org.openqa.selenium.NoSuchElementException" message="no such element: Unable to locate element: {&amp;quot;method&amp;quot;:&amp;quot;xpath&amp;quot;,&amp;quot;selector&amp;quot;:&amp;quot;//*[@id=&amp;apos;manageEmailGroupModal&amp;apos;]/div/div/div[2]/div[3]/div[3]/div/div/ul/li[3]/div/div[4]/div[1]/button[2]&amp;quot;}
  (Session info: chrome=76.0.3809.132)
  (Driver info: chromedriver=72.0.3626.69 (3c16f8a135abc0d4da2dff33804db79b849a7c38),platform=Windows NT 10.0.17134 x86_64) (WARNING: The server did not provide any stacktrace information)
Command duration or timeout: 0 milliseconds
For documentation on this error, please visit: http://seleniumhq.org/exceptions/no_such_element.html
Build info: version: &amp;apos;3.5.3&amp;apos;, revision: &amp;apos;a88d25fe6b&amp;apos;, time: &amp;apos;2017-08-29T12:42:44.417Z&amp;apos;
System info: host: &amp;apos;DESKTOP-CN3G2S6&amp;apos;, ip: &amp;apos;192.168.65.2&amp;apos;, os.name: &amp;apos;Windows 10&amp;apos;, os.arch: &amp;apos;amd64&amp;apos;, os.version: &amp;apos;10.0&amp;apos;, java.version: &amp;apos;1.8.0_191&amp;apos;
Driver info: org.openqa.selenium.chrome.ChromeDriver
Capabilities [{mobileEmulationEnabled=false, timeouts={implicit=0, pageLoad=300000, script=30000}, hasTouchScreen=false, platform=XP, acceptSslCerts=false, goog:chromeOptions={debuggerAddress=localhost:35369}, acceptInsecureCerts=false, webStorageEnabled=true, browserName=chrome, takesScreenshot=true, javascriptEnabled=true, platformName=XP, setWindowRect=true, unexpectedAlertBehaviour=ignore, applicationCacheEnabled=false, rotatable=false, networkConnectionEnabled=false, chrome={chromedriverVersion=72.0.3626.69 (3c16f8a135abc0d4da2dff33804db79b849a7c38), userDataDir=C:\Users\dell\AppData\Local\Temp\scoped_dir60984_22164}, takesHeapSnapshot=true, unhandledPromptBehavior=ignore, pageLoadStrategy=normal, databaseEnabled=false, handlesAlerts=true, version=76.0.3809.132, browserConnectionEnabled=false, proxy=Proxy(), nativeEvents=true, locationContextEnabled=true, cssSelectorsEnabled=true}]
Session ID: 746f70d3d8428ce3a316b96d8a956d85
*** Element info: {Using=xpath, value=//*[@id=&amp;apos;manageEmailGroupModal&amp;apos;]/div/div/div[2]/div[3]/div[3]/div/div/ul/li[3]/div/div[4]/div[1]/button[2]}">
      <![CDATA[org.openqa.selenium.NoSuchElementException: no such element: Unable to locate element: {"method":"xpath","selector":"//*[@id='manageEmailGroupModal']/div/div/div[2]/div[3]/div[3]/div/div/ul/li[3]/div/div[4]/div[1]/button[2]"}
  (Session info: chrome=76.0.3809.132)
  (Driver info: chromedriver=72.0.3626.69 (3c16f8a135abc0d4da2dff33804db79b849a7c38),platform=Windows NT 10.0.17134 x86_64) (WARNING: The server did not provide any stacktrace information)
Command duration or timeout: 0 milliseconds
For documentation on this error, please visit: http://seleniumhq.org/exceptions/no_such_element.html
Build info: version: '3.5.3', revision: 'a88d25fe6b', time: '2017-08-29T12:42:44.417Z'
System info: host: 'DESKTOP-CN3G2S6', ip: '192.168.65.2', os.name: 'Windows 10', os.arch: 'amd64', os.version: '10.0', java.version: '1.8.0_191'
Driver info: org.openqa.selenium.chrome.ChromeDriver
Capabilities [{mobileEmulationEnabled=false, timeouts={implicit=0, pageLoad=300000, script=30000}, hasTouchScreen=false, platform=XP, acceptSslCerts=false, goog:chromeOptions={debuggerAddress=localhost:35369}, acceptInsecureCerts=false, webStorageEnabled=true, browserName=chrome, takesScreenshot=true, javascriptEnabled=true, platformName=XP, setWindowRect=true, unexpectedAlertBehaviour=ignore, applicationCacheEnabled=false, rotatable=false, networkConnectionEnabled=false, chrome={chromedriverVersion=72.0.3626.69 (3c16f8a135abc0d4da2dff33804db79b849a7c38), userDataDir=C:\Users\dell\AppData\Local\Temp\scoped_dir60984_22164}, takesHeapSnapshot=true, unhandledPromptBehavior=ignore, pageLoadStrategy=normal, databaseEnabled=false, handlesAlerts=true, version=76.0.3809.132, browserConnectionEnabled=false, proxy=Proxy(), nativeEvents=true, locationContextEnabled=true, cssSelectorsEnabled=true}]
Session ID: 746f70d3d8428ce3a316b96d8a956d85
*** Element info: {Using=xpath, value=//*[@id='manageEmailGroupModal']/div/div/div[2]/div[3]/div[3]/div/div/ul/li[3]/div/div[4]/div[1]/button[2]}
	at org.openqa.selenium.remote.ErrorHandler.createThrowable(ErrorHandler.java:215)
	at org.openqa.selenium.remote.ErrorHandler.throwIfResponseFailed(ErrorHandler.java:167)
	at org.openqa.selenium.remote.http.JsonHttpResponseCodec.reconstructValue(JsonHttpResponseCodec.java:40)
	at org.openqa.selenium.remote.http.AbstractHttpResponseCodec.decode(AbstractHttpResponseCodec.java:82)
	at org.openqa.selenium.remote.http.AbstractHttpResponseCodec.decode(AbstractHttpResponseCodec.java:45)
	at org.openqa.selenium.remote.HttpCommandExecutor.execute(HttpCommandExecutor.java:164)
	at org.openqa.selenium.remote.service.DriverCommandExecutor.execute(DriverCommandExecutor.java:82)
	at org.openqa.selenium.remote.RemoteWebDriver.execute(RemoteWebDriver.java:646)
	at org.openqa.selenium.remote.RemoteWebDriver.findElement(RemoteWebDriver.java:416)
	at org.openqa.selenium.remote.RemoteWebDriver.findElementByXPath(RemoteWebDriver.java:518)
	at org.openqa.selenium.By$ByXPath.findElement(By.java:361)
	at org.openqa.selenium.remote.RemoteWebDriver.findElement(RemoteWebDriver.java:408)
	at org.openqa.selenium.support.events.EventFiringWebDriver$2.invoke(EventFiringWebDriver.java:105)
	at com.sun.proxy.$Proxy8.findElement(Unknown Source)
	at org.openqa.selenium.support.events.EventFiringWebDriver.findElement(EventFiringWebDriver.java:189)
	at org.openqa.selenium.support.pagefactory.DefaultElementLocator.findElement(DefaultElementLocator.java:69)
	at org.openqa.selenium.support.pagefactory.internal.LocatingElementHandler.invoke(LocatingElementHandler.java:38)
	at com.sun.proxy.$Proxy12.click(Unknown Source)
	at com.EagleconM.qa.pages.Add_contact.DeleteContacta(Add_contact.java:83)
	at com.eagle.qa.testcases.Add_Contacts.Deletecontacts(Add_Contacts.java:51)
... Removed 32 stack frames]]>
    </failure>
  </testcase> <!-- Deletecontacts -->
</testsuite> <!-- Eagleconferencing Test Cases -->
