<html>
<head>
<title>TestNG:  Eagleconferencing Test Cases</title>
<link href="../testng.css" rel="stylesheet" type="text/css" />
<link href="../my-testng.css" rel="stylesheet" type="text/css" />

<style type="text/css">
.log { display: none;} 
.stack-trace { display: none;} 
</style>
<script type="text/javascript">
<!--
function flip(e) {
  current = e.style.display;
  if (current == 'block') {
    e.style.display = 'none';
    return 0;
  }
  else {
    e.style.display = 'block';
    return 1;
  }
}

function toggleBox(szDivId, elem, msg1, msg2)
{
  var res = -1;  if (document.getElementById) {
    res = flip(document.getElementById(szDivId));
  }
  else if (document.all) {
    // this is the way old msie versions work
    res = flip(document.all[szDivId]);
  }
  if(elem) {
    if(res == 0) elem.innerHTML = msg1; else elem.innerHTML = msg2;
  }

}

function toggleAllBoxes() {
  if (document.getElementsByTagName) {
    d = document.getElementsByTagName('div');
    for (i = 0; i < d.length; i++) {
      if (d[i].className == 'log') {
        flip(d[i]);
      }
    }
  }
}

// -->
</script>

</head>
<body>
<h2 align='center'>Eagleconferencing Test Cases</h2><table border='1' align="center">
<tr>
<td>Tests passed/Failed/Skipped:</td><td>44/2/0</td>
</tr><tr>
<td>Started on:</td><td>Thu Sep 12 16:17:45 IST 2019</td>
</tr>
<tr><td>Total time:</td><td>1291 seconds (1291955 ms)</td>
</tr><tr>
<td>Included groups:</td><td></td>
</tr><tr>
<td>Excluded groups:</td><td></td>
</tr>
</table><p/>
<small><i>(Hover the method name to see the test class name)</i></small><p/>
<table width='100%' border='1' class='invocation-failed'>
<tr><td colspan='4' align='center'><b>FAILED TESTS</b></td></tr>
<tr><td><b>Test method</b></td>
<td width="30%"><b>Exception</b></td>
<td width="10%"><b>Time (seconds)</b></td>
<td><b>Instance</b></td>
</tr>
<tr>
<td title='com.eagle.qa.testcases.Add_Contacts.Deletecontacts()'><b>Deletecontacts</b><br>Test class: com.eagle.qa.testcases.Add_Contacts</td>
<td><div><pre>org.openqa.selenium.NoSuchElementException: no such element: Unable to locate element: {&quot;method&quot;:&quot;xpath&quot;,&quot;selector&quot;:&quot;//*[@id=&apos;manageEmailGroupModal&apos;]/div/div/div[2]/div[3]/div[3]/div/div/ul/li[3]/div/div[4]/div[1]/button[2]&quot;}
  (Session info: chrome=76.0.3809.132)
  (Driver info: chromedriver=72.0.3626.69 (3c16f8a135abc0d4da2dff33804db79b849a7c38),platform=Windows NT 10.0.17134 x86_64) (WARNING: The server did not provide any stacktrace information)
Command duration or timeout: 0 milliseconds
For documentation on this error, please visit: http://seleniumhq.org/exceptions/no_such_element.html
Build info: version: &apos;3.5.3&apos;, revision: &apos;a88d25fe6b&apos;, time: &apos;2017-08-29T12:42:44.417Z&apos;
System info: host: &apos;DESKTOP-CN3G2S6&apos;, ip: &apos;192.168.65.2&apos;, os.name: &apos;Windows 10&apos;, os.arch: &apos;amd64&apos;, os.version: &apos;10.0&apos;, java.version: &apos;1.8.0_191&apos;
Driver info: org.openqa.selenium.chrome.ChromeDriver
Capabilities [{mobileEmulationEnabled=false, timeouts={implicit=0, pageLoad=300000, script=30000}, hasTouchScreen=false, platform=XP, acceptSslCerts=false, goog:chromeOptions={debuggerAddress=localhost:35369}, acceptInsecureCerts=false, webStorageEnabled=true, browserName=chrome, takesScreenshot=true, javascriptEnabled=true, platformName=XP, setWindowRect=true, unexpectedAlertBehaviour=ignore, applicationCacheEnabled=false, rotatable=false, networkConnectionEnabled=false, chrome={chromedriverVersion=72.0.3626.69 (3c16f8a135abc0d4da2dff33804db79b849a7c38), userDataDir=C:\Users\dell\AppData\Local\Temp\scoped_dir60984_22164}, takesHeapSnapshot=true, unhandledPromptBehavior=ignore, pageLoadStrategy=normal, databaseEnabled=false, handlesAlerts=true, version=76.0.3809.132, browserConnectionEnabled=false, proxy=Proxy(), nativeEvents=true, locationContextEnabled=true, cssSelectorsEnabled=true}]
Session ID: 746f70d3d8428ce3a316b96d8a956d85
*** Element info: {Using=xpath, value=//*[@id=&apos;manageEmailGroupModal&apos;]/div/div/div[2]/div[3]/div[3]/div/div/ul/li[3]/div/div[4]/div[1]/button[2]}
	at org.openqa.selenium.remote.ErrorHandler.createThrowable(ErrorHandler.java:215)
	at org.openqa.selenium.remote.ErrorHandler.throwIfResponseFailed(ErrorHandler.java:167)
	at org.openqa.selenium.remote.http.JsonHttpResponseCodec.reconstructValue(JsonHttpResponseCodec.java:40)
	at org.openqa.selenium.remote.http.AbstractHttpResponseCodec.decode(AbstractHttpResponseCodec.java:82)
	at org.openqa.selenium.remote.http.AbstractHttpResponseCodec.decode(AbstractHttpResponseCodec.java:45)
	at org.openqa.selenium.remote.HttpCommandExecutor.execute(HttpCommandExecutor.java:164)
	at org.openqa.selenium.remote.service.DriverCommandExecutor.execute(DriverCommandExecutor.java:82)
	at org.openqa.selenium.remote.RemoteWebDriver.execute(RemoteWebDriver.java:646)
	at org.openqa.selenium.remote.RemoteWebDriver.findElement(RemoteWebDriver.java:416)
	at org.openqa.selenium.remote.RemoteWebDriver.findElementByXPath(RemoteWebDriver.java:518)
	at org.openqa.selenium.By$ByXPath.findElement(By.java:361)
	at org.openqa.selenium.remote.RemoteWebDriver.findElement(RemoteWebDriver.java:408)
	at org.openqa.selenium.support.events.EventFiringWebDriver$2.invoke(EventFiringWebDriver.java:105)
	at com.sun.proxy.$Proxy8.findElement(Unknown Source)
	at org.openqa.selenium.support.events.EventFiringWebDriver.findElement(EventFiringWebDriver.java:189)
	at org.openqa.selenium.support.pagefactory.DefaultElementLocator.findElement(DefaultElementLocator.java:69)
	at org.openqa.selenium.support.pagefactory.internal.LocatingElementHandler.invoke(LocatingElementHandler.java:38)
	at com.sun.proxy.$Proxy12.click(Unknown Source)
	at com.EagleconM.qa.pages.Add_contact.DeleteContacta(Add_contact.java:83)
	at com.eagle.qa.testcases.Add_Contacts.Deletecontacts(Add_Contacts.java:51)
... Removed 32 stack frames</pre></div><a href='#' onClick='toggleBox("stack-trace1902801188", this, "Click to show all stack frames", "Click to hide stack frames")'>Click to show all stack frames</a>
<div class='stack-trace' id='stack-trace1902801188'><pre>org.openqa.selenium.NoSuchElementException: no such element: Unable to locate element: {&quot;method&quot;:&quot;xpath&quot;,&quot;selector&quot;:&quot;//*[@id=&apos;manageEmailGroupModal&apos;]/div/div/div[2]/div[3]/div[3]/div/div/ul/li[3]/div/div[4]/div[1]/button[2]&quot;}
  (Session info: chrome=76.0.3809.132)
  (Driver info: chromedriver=72.0.3626.69 (3c16f8a135abc0d4da2dff33804db79b849a7c38),platform=Windows NT 10.0.17134 x86_64) (WARNING: The server did not provide any stacktrace information)
Command duration or timeout: 0 milliseconds
For documentation on this error, please visit: http://seleniumhq.org/exceptions/no_such_element.html
Build info: version: &apos;3.5.3&apos;, revision: &apos;a88d25fe6b&apos;, time: &apos;2017-08-29T12:42:44.417Z&apos;
System info: host: &apos;DESKTOP-CN3G2S6&apos;, ip: &apos;192.168.65.2&apos;, os.name: &apos;Windows 10&apos;, os.arch: &apos;amd64&apos;, os.version: &apos;10.0&apos;, java.version: &apos;1.8.0_191&apos;
Driver info: org.openqa.selenium.chrome.ChromeDriver
Capabilities [{mobileEmulationEnabled=false, timeouts={implicit=0, pageLoad=300000, script=30000}, hasTouchScreen=false, platform=XP, acceptSslCerts=false, goog:chromeOptions={debuggerAddress=localhost:35369}, acceptInsecureCerts=false, webStorageEnabled=true, browserName=chrome, takesScreenshot=true, javascriptEnabled=true, platformName=XP, setWindowRect=true, unexpectedAlertBehaviour=ignore, applicationCacheEnabled=false, rotatable=false, networkConnectionEnabled=false, chrome={chromedriverVersion=72.0.3626.69 (3c16f8a135abc0d4da2dff33804db79b849a7c38), userDataDir=C:\Users\dell\AppData\Local\Temp\scoped_dir60984_22164}, takesHeapSnapshot=true, unhandledPromptBehavior=ignore, pageLoadStrategy=normal, databaseEnabled=false, handlesAlerts=true, version=76.0.3809.132, browserConnectionEnabled=false, proxy=Proxy(), nativeEvents=true, locationContextEnabled=true, cssSelectorsEnabled=true}]
Session ID: 746f70d3d8428ce3a316b96d8a956d85
*** Element info: {Using=xpath, value=//*[@id=&apos;manageEmailGroupModal&apos;]/div/div/div[2]/div[3]/div[3]/div/div/ul/li[3]/div/div[4]/div[1]/button[2]}
	at sun.reflect.NativeConstructorAccessorImpl.newInstance0(Native Method)
	at sun.reflect.NativeConstructorAccessorImpl.newInstance(NativeConstructorAccessorImpl.java:62)
	at sun.reflect.DelegatingConstructorAccessorImpl.newInstance(DelegatingConstructorAccessorImpl.java:45)
	at java.lang.reflect.Constructor.newInstance(Constructor.java:423)
	at org.openqa.selenium.remote.ErrorHandler.createThrowable(ErrorHandler.java:215)
	at org.openqa.selenium.remote.ErrorHandler.throwIfResponseFailed(ErrorHandler.java:167)
	at org.openqa.selenium.remote.http.JsonHttpResponseCodec.reconstructValue(JsonHttpResponseCodec.java:40)
	at org.openqa.selenium.remote.http.AbstractHttpResponseCodec.decode(AbstractHttpResponseCodec.java:82)
	at org.openqa.selenium.remote.http.AbstractHttpResponseCodec.decode(AbstractHttpResponseCodec.java:45)
	at org.openqa.selenium.remote.HttpCommandExecutor.execute(HttpCommandExecutor.java:164)
	at org.openqa.selenium.remote.service.DriverCommandExecutor.execute(DriverCommandExecutor.java:82)
	at org.openqa.selenium.remote.RemoteWebDriver.execute(RemoteWebDriver.java:646)
	at org.openqa.selenium.remote.RemoteWebDriver.findElement(RemoteWebDriver.java:416)
	at org.openqa.selenium.remote.RemoteWebDriver.findElementByXPath(RemoteWebDriver.java:518)
	at org.openqa.selenium.By$ByXPath.findElement(By.java:361)
	at org.openqa.selenium.remote.RemoteWebDriver.findElement(RemoteWebDriver.java:408)
	at sun.reflect.GeneratedMethodAccessor5.invoke(Unknown Source)
	at sun.reflect.DelegatingMethodAccessorImpl.invoke(DelegatingMethodAccessorImpl.java:43)
	at java.lang.reflect.Method.invoke(Method.java:498)
	at org.openqa.selenium.support.events.EventFiringWebDriver$2.invoke(EventFiringWebDriver.java:105)
	at com.sun.proxy.$Proxy8.findElement(Unknown Source)
	at org.openqa.selenium.support.events.EventFiringWebDriver.findElement(EventFiringWebDriver.java:189)
	at org.openqa.selenium.support.pagefactory.DefaultElementLocator.findElement(DefaultElementLocator.java:69)
	at org.openqa.selenium.support.pagefactory.internal.LocatingElementHandler.invoke(LocatingElementHandler.java:38)
	at com.sun.proxy.$Proxy12.click(Unknown Source)
	at com.EagleconM.qa.pages.Add_contact.DeleteContacta(Add_contact.java:83)
	at com.eagle.qa.testcases.Add_Contacts.Deletecontacts(Add_Contacts.java:51)
	at sun.reflect.NativeMethodAccessorImpl.invoke0(Native Method)
	at sun.reflect.NativeMethodAccessorImpl.invoke(NativeMethodAccessorImpl.java:62)
	at sun.reflect.DelegatingMethodAccessorImpl.invoke(DelegatingMethodAccessorImpl.java:43)
	at java.lang.reflect.Method.invoke(Method.java:498)
	at org.testng.internal.MethodInvocationHelper.invokeMethod(MethodInvocationHelper.java:104)
	at org.testng.internal.Invoker.invokeMethod(Invoker.java:645)
	at org.testng.internal.Invoker.invokeTestMethod(Invoker.java:851)
	at org.testng.internal.Invoker.invokeTestMethods(Invoker.java:1177)
	at org.testng.internal.TestMethodWorker.invokeTestMethods(TestMethodWorker.java:129)
	at org.testng.internal.TestMethodWorker.run(TestMethodWorker.java:112)
	at org.testng.TestRunner.privateRun(TestRunner.java:756)
	at org.testng.TestRunner.run(TestRunner.java:610)
	at org.testng.SuiteRunner.runTest(SuiteRunner.java:387)
	at org.testng.SuiteRunner.runSequentially(SuiteRunner.java:382)
	at org.testng.SuiteRunner.privateRun(SuiteRunner.java:340)
	at org.testng.SuiteRunner.run(SuiteRunner.java:289)
	at org.testng.SuiteRunnerWorker.runSuite(SuiteRunnerWorker.java:52)
	at org.testng.SuiteRunnerWorker.run(SuiteRunnerWorker.java:86)
	at org.testng.TestNG.runSuitesSequentially(TestNG.java:1293)
	at org.testng.TestNG.runSuitesLocally(TestNG.java:1218)
	at org.testng.TestNG.runSuites(TestNG.java:1133)
	at org.testng.TestNG.run(TestNG.java:1104)
	at org.testng.remote.AbstractRemoteTestNG.run(AbstractRemoteTestNG.java:114)
	at org.testng.remote.RemoteTestNG.initAndRun(RemoteTestNG.java:251)
	at org.testng.remote.RemoteTestNG.main(RemoteTestNG.java:77)
</pre></div></td>
<td>50</td>
<td>com.eagle.qa.testcases.Add_Contacts@6500df86</td></tr>
<tr>
<td title='com.eagle.qa.testcases.Create_Group.delete()'><b>delete</b><br>Test class: com.eagle.qa.testcases.Create_Group</td>
<td><div><pre>org.openqa.selenium.NoSuchElementException: no such element: Unable to locate element: {&quot;method&quot;:&quot;xpath&quot;,&quot;selector&quot;:&quot;//*[@id=&apos;manageEmailGroupModal&apos;]/div/div/div[2]/div[3]/div[3]/ul/li/div[2]/div[1]/button[3]/span/i&quot;}
  (Session info: chrome=76.0.3809.132)
  (Driver info: chromedriver=72.0.3626.69 (3c16f8a135abc0d4da2dff33804db79b849a7c38),platform=Windows NT 10.0.17134 x86_64) (WARNING: The server did not provide any stacktrace information)
Command duration or timeout: 0 milliseconds
For documentation on this error, please visit: http://seleniumhq.org/exceptions/no_such_element.html
Build info: version: &apos;3.5.3&apos;, revision: &apos;a88d25fe6b&apos;, time: &apos;2017-08-29T12:42:44.417Z&apos;
System info: host: &apos;DESKTOP-CN3G2S6&apos;, ip: &apos;192.168.65.2&apos;, os.name: &apos;Windows 10&apos;, os.arch: &apos;amd64&apos;, os.version: &apos;10.0&apos;, java.version: &apos;1.8.0_191&apos;
Driver info: org.openqa.selenium.chrome.ChromeDriver
Capabilities [{mobileEmulationEnabled=false, timeouts={implicit=0, pageLoad=300000, script=30000}, hasTouchScreen=false, platform=XP, acceptSslCerts=false, goog:chromeOptions={debuggerAddress=localhost:35249}, acceptInsecureCerts=false, webStorageEnabled=true, browserName=chrome, takesScreenshot=true, javascriptEnabled=true, platformName=XP, setWindowRect=true, unexpectedAlertBehaviour=ignore, applicationCacheEnabled=false, rotatable=false, networkConnectionEnabled=false, chrome={chromedriverVersion=72.0.3626.69 (3c16f8a135abc0d4da2dff33804db79b849a7c38), userDataDir=C:\Users\dell\AppData\Local\Temp\scoped_dir43788_8695}, takesHeapSnapshot=true, unhandledPromptBehavior=ignore, pageLoadStrategy=normal, databaseEnabled=false, handlesAlerts=true, version=76.0.3809.132, browserConnectionEnabled=false, proxy=Proxy(), nativeEvents=true, locationContextEnabled=true, cssSelectorsEnabled=true}]
Session ID: 6db3c622b1be63fc50e33d5ae65d1375
*** Element info: {Using=xpath, value=//*[@id=&apos;manageEmailGroupModal&apos;]/div/div/div[2]/div[3]/div[3]/ul/li/div[2]/div[1]/button[3]/span/i}
	at org.openqa.selenium.remote.ErrorHandler.createThrowable(ErrorHandler.java:215)
	at org.openqa.selenium.remote.ErrorHandler.throwIfResponseFailed(ErrorHandler.java:167)
	at org.openqa.selenium.remote.http.JsonHttpResponseCodec.reconstructValue(JsonHttpResponseCodec.java:40)
	at org.openqa.selenium.remote.http.AbstractHttpResponseCodec.decode(AbstractHttpResponseCodec.java:82)
	at org.openqa.selenium.remote.http.AbstractHttpResponseCodec.decode(AbstractHttpResponseCodec.java:45)
	at org.openqa.selenium.remote.HttpCommandExecutor.execute(HttpCommandExecutor.java:164)
	at org.openqa.selenium.remote.service.DriverCommandExecutor.execute(DriverCommandExecutor.java:82)
	at org.openqa.selenium.remote.RemoteWebDriver.execute(RemoteWebDriver.java:646)
	at org.openqa.selenium.remote.RemoteWebDriver.findElement(RemoteWebDriver.java:416)
	at org.openqa.selenium.remote.RemoteWebDriver.findElementByXPath(RemoteWebDriver.java:518)
	at org.openqa.selenium.By$ByXPath.findElement(By.java:361)
	at org.openqa.selenium.remote.RemoteWebDriver.findElement(RemoteWebDriver.java:408)
	at org.openqa.selenium.support.events.EventFiringWebDriver$2.invoke(EventFiringWebDriver.java:105)
	at com.sun.proxy.$Proxy8.findElement(Unknown Source)
	at org.openqa.selenium.support.events.EventFiringWebDriver.findElement(EventFiringWebDriver.java:189)
	at com.eagle.qa.testcases.Create_Group.delete(Create_Group.java:44)
... Removed 32 stack frames</pre></div><a href='#' onClick='toggleBox("stack-trace740007499", this, "Click to show all stack frames", "Click to hide stack frames")'>Click to show all stack frames</a>
<div class='stack-trace' id='stack-trace740007499'><pre>org.openqa.selenium.NoSuchElementException: no such element: Unable to locate element: {&quot;method&quot;:&quot;xpath&quot;,&quot;selector&quot;:&quot;//*[@id=&apos;manageEmailGroupModal&apos;]/div/div/div[2]/div[3]/div[3]/ul/li/div[2]/div[1]/button[3]/span/i&quot;}
  (Session info: chrome=76.0.3809.132)
  (Driver info: chromedriver=72.0.3626.69 (3c16f8a135abc0d4da2dff33804db79b849a7c38),platform=Windows NT 10.0.17134 x86_64) (WARNING: The server did not provide any stacktrace information)
Command duration or timeout: 0 milliseconds
For documentation on this error, please visit: http://seleniumhq.org/exceptions/no_such_element.html
Build info: version: &apos;3.5.3&apos;, revision: &apos;a88d25fe6b&apos;, time: &apos;2017-08-29T12:42:44.417Z&apos;
System info: host: &apos;DESKTOP-CN3G2S6&apos;, ip: &apos;192.168.65.2&apos;, os.name: &apos;Windows 10&apos;, os.arch: &apos;amd64&apos;, os.version: &apos;10.0&apos;, java.version: &apos;1.8.0_191&apos;
Driver info: org.openqa.selenium.chrome.ChromeDriver
Capabilities [{mobileEmulationEnabled=false, timeouts={implicit=0, pageLoad=300000, script=30000}, hasTouchScreen=false, platform=XP, acceptSslCerts=false, goog:chromeOptions={debuggerAddress=localhost:35249}, acceptInsecureCerts=false, webStorageEnabled=true, browserName=chrome, takesScreenshot=true, javascriptEnabled=true, platformName=XP, setWindowRect=true, unexpectedAlertBehaviour=ignore, applicationCacheEnabled=false, rotatable=false, networkConnectionEnabled=false, chrome={chromedriverVersion=72.0.3626.69 (3c16f8a135abc0d4da2dff33804db79b849a7c38), userDataDir=C:\Users\dell\AppData\Local\Temp\scoped_dir43788_8695}, takesHeapSnapshot=true, unhandledPromptBehavior=ignore, pageLoadStrategy=normal, databaseEnabled=false, handlesAlerts=true, version=76.0.3809.132, browserConnectionEnabled=false, proxy=Proxy(), nativeEvents=true, locationContextEnabled=true, cssSelectorsEnabled=true}]
Session ID: 6db3c622b1be63fc50e33d5ae65d1375
*** Element info: {Using=xpath, value=//*[@id=&apos;manageEmailGroupModal&apos;]/div/div/div[2]/div[3]/div[3]/ul/li/div[2]/div[1]/button[3]/span/i}
	at sun.reflect.NativeConstructorAccessorImpl.newInstance0(Native Method)
	at sun.reflect.NativeConstructorAccessorImpl.newInstance(NativeConstructorAccessorImpl.java:62)
	at sun.reflect.DelegatingConstructorAccessorImpl.newInstance(DelegatingConstructorAccessorImpl.java:45)
	at java.lang.reflect.Constructor.newInstance(Constructor.java:423)
	at org.openqa.selenium.remote.ErrorHandler.createThrowable(ErrorHandler.java:215)
	at org.openqa.selenium.remote.ErrorHandler.throwIfResponseFailed(ErrorHandler.java:167)
	at org.openqa.selenium.remote.http.JsonHttpResponseCodec.reconstructValue(JsonHttpResponseCodec.java:40)
	at org.openqa.selenium.remote.http.AbstractHttpResponseCodec.decode(AbstractHttpResponseCodec.java:82)
	at org.openqa.selenium.remote.http.AbstractHttpResponseCodec.decode(AbstractHttpResponseCodec.java:45)
	at org.openqa.selenium.remote.HttpCommandExecutor.execute(HttpCommandExecutor.java:164)
	at org.openqa.selenium.remote.service.DriverCommandExecutor.execute(DriverCommandExecutor.java:82)
	at org.openqa.selenium.remote.RemoteWebDriver.execute(RemoteWebDriver.java:646)
	at org.openqa.selenium.remote.RemoteWebDriver.findElement(RemoteWebDriver.java:416)
	at org.openqa.selenium.remote.RemoteWebDriver.findElementByXPath(RemoteWebDriver.java:518)
	at org.openqa.selenium.By$ByXPath.findElement(By.java:361)
	at org.openqa.selenium.remote.RemoteWebDriver.findElement(RemoteWebDriver.java:408)
	at sun.reflect.GeneratedMethodAccessor5.invoke(Unknown Source)
	at sun.reflect.DelegatingMethodAccessorImpl.invoke(DelegatingMethodAccessorImpl.java:43)
	at java.lang.reflect.Method.invoke(Method.java:498)
	at org.openqa.selenium.support.events.EventFiringWebDriver$2.invoke(EventFiringWebDriver.java:105)
	at com.sun.proxy.$Proxy8.findElement(Unknown Source)
	at org.openqa.selenium.support.events.EventFiringWebDriver.findElement(EventFiringWebDriver.java:189)
	at com.eagle.qa.testcases.Create_Group.delete(Create_Group.java:44)
	at sun.reflect.NativeMethodAccessorImpl.invoke0(Native Method)
	at sun.reflect.NativeMethodAccessorImpl.invoke(NativeMethodAccessorImpl.java:62)
	at sun.reflect.DelegatingMethodAccessorImpl.invoke(DelegatingMethodAccessorImpl.java:43)
	at java.lang.reflect.Method.invoke(Method.java:498)
	at org.testng.internal.MethodInvocationHelper.invokeMethod(MethodInvocationHelper.java:104)
	at org.testng.internal.Invoker.invokeMethod(Invoker.java:645)
	at org.testng.internal.Invoker.invokeTestMethod(Invoker.java:851)
	at org.testng.internal.Invoker.invokeTestMethods(Invoker.java:1177)
	at org.testng.internal.TestMethodWorker.invokeTestMethods(TestMethodWorker.java:129)
	at org.testng.internal.TestMethodWorker.run(TestMethodWorker.java:112)
	at org.testng.TestRunner.privateRun(TestRunner.java:756)
	at org.testng.TestRunner.run(TestRunner.java:610)
	at org.testng.SuiteRunner.runTest(SuiteRunner.java:387)
	at org.testng.SuiteRunner.runSequentially(SuiteRunner.java:382)
	at org.testng.SuiteRunner.privateRun(SuiteRunner.java:340)
	at org.testng.SuiteRunner.run(SuiteRunner.java:289)
	at org.testng.SuiteRunnerWorker.runSuite(SuiteRunnerWorker.java:52)
	at org.testng.SuiteRunnerWorker.run(SuiteRunnerWorker.java:86)
	at org.testng.TestNG.runSuitesSequentially(TestNG.java:1293)
	at org.testng.TestNG.runSuitesLocally(TestNG.java:1218)
	at org.testng.TestNG.runSuites(TestNG.java:1133)
	at org.testng.TestNG.run(TestNG.java:1104)
	at org.testng.remote.AbstractRemoteTestNG.run(AbstractRemoteTestNG.java:114)
	at org.testng.remote.RemoteTestNG.initAndRun(RemoteTestNG.java:251)
	at org.testng.remote.RemoteTestNG.main(RemoteTestNG.java:77)
</pre></div></td>
<td>20</td>
<td>com.eagle.qa.testcases.Create_Group@271053e1</td></tr>
</table><p>
<table width='100%' border='1' class='invocation-passed'>
<tr><td colspan='4' align='center'><b>PASSED TESTS</b></td></tr>
<tr><td><b>Test method</b></td>
<td width="30%"><b>Exception</b></td>
<td width="10%"><b>Time (seconds)</b></td>
<td><b>Instance</b></td>
</tr>
<tr>
<td title='com.eagle.qa.testcases.Home_Information.Account_Info()'><b>Account_Info</b><br>Test class: com.eagle.qa.testcases.Home_Information</td>
<td></td>
<td>5</td>
<td>com.eagle.qa.testcases.Home_Information@6fd02e5</td></tr>
<tr>
<td title='com.eagle.qa.testcases.Home_Information.Account_Number()'><b>Account_Number</b><br>Test class: com.eagle.qa.testcases.Home_Information</td>
<td></td>
<td>5</td>
<td>com.eagle.qa.testcases.Home_Information@6fd02e5</td></tr>
<tr>
<td title='com.eagle.qa.testcases.Add_Contacts.AddContacts()'><b>AddContacts</b><br>Test class: com.eagle.qa.testcases.Add_Contacts<br>Parameters: Devaraj , gunjali@gmail.com</td>
<td></td>
<td>49</td>
<td>com.eagle.qa.testcases.Add_Contacts@6500df86</td></tr>
<tr>
<td title='com.eagle.qa.testcases.Add_Contacts.AddContacts()'><b>AddContacts</b><br>Test class: com.eagle.qa.testcases.Add_Contacts<br>Parameters: gunjali, gunjali@gmail.com</td>
<td></td>
<td>31</td>
<td>com.eagle.qa.testcases.Add_Contacts@6500df86</td></tr>
<tr>
<td title='com.eagle.qa.testcases.Home_Information.Alternate_Account()'><b>Alternate_Account</b><br>Test class: com.eagle.qa.testcases.Home_Information</td>
<td></td>
<td>5</td>
<td>com.eagle.qa.testcases.Home_Information@6fd02e5</td></tr>
<tr>
<td title='com.eagle.qa.testcases.Change_Passwordtest.Changepassword_successfuily()'><b>Changepassword_successfuily</b><br>Test class: com.eagle.qa.testcases.Change_Passwordtest<br>Parameters: Testing1, Testing1, Testing1</td>
<td></td>
<td>3</td>
<td>com.eagle.qa.testcases.Change_Passwordtest@73ad2d6</td></tr>
<tr>
<td title='com.eagle.qa.testcases.Create_Group.CreateGroups()'><b>CreateGroups</b><br>Test class: com.eagle.qa.testcases.Create_Group<br>Parameters: groupName1</td>
<td></td>
<td>30</td>
<td>com.eagle.qa.testcases.Create_Group@271053e1</td></tr>
<tr>
<td title='com.eagle.qa.testcases.Create_Group.CreateGroups()'><b>CreateGroups</b><br>Test class: com.eagle.qa.testcases.Create_Group<br>Parameters: groupName2</td>
<td></td>
<td>30</td>
<td>com.eagle.qa.testcases.Create_Group@271053e1</td></tr>
<tr>
<td title='com.eagle.qa.testcases.Create_Group.CreateGroups()'><b>CreateGroups</b><br>Test class: com.eagle.qa.testcases.Create_Group<br>Parameters: groupName3</td>
<td></td>
<td>30</td>
<td>com.eagle.qa.testcases.Create_Group@271053e1</td></tr>
<tr>
<td title='com.eagle.qa.testcases.Create_Group.CreateGroups()'><b>CreateGroups</b><br>Test class: com.eagle.qa.testcases.Create_Group<br>Parameters: groupName4</td>
<td></td>
<td>30</td>
<td>com.eagle.qa.testcases.Create_Group@271053e1</td></tr>
<tr>
<td title='com.eagle.qa.testcases.Create_Group.CreateGroups()'><b>CreateGroups</b><br>Test class: com.eagle.qa.testcases.Create_Group<br>Parameters: groupName5</td>
<td></td>
<td>31</td>
<td>com.eagle.qa.testcases.Create_Group@271053e1</td></tr>
<tr>
<td title='com.eagle.qa.testcases.Create_Group.CreateGroups()'><b>CreateGroups</b><br>Test class: com.eagle.qa.testcases.Create_Group<br>Parameters: groupName6</td>
<td></td>
<td>31</td>
<td>com.eagle.qa.testcases.Create_Group@271053e1</td></tr>
<tr>
<td title='com.eagle.qa.testcases.Create_Group.CreateGroups()'><b>CreateGroups</b><br>Test class: com.eagle.qa.testcases.Create_Group<br>Parameters: groupName7</td>
<td></td>
<td>30</td>
<td>com.eagle.qa.testcases.Create_Group@271053e1</td></tr>
<tr>
<td title='com.eagle.qa.testcases.Create_Group.CreateGroups()'><b>CreateGroups</b><br>Test class: com.eagle.qa.testcases.Create_Group<br>Parameters: groupName8</td>
<td></td>
<td>30</td>
<td>com.eagle.qa.testcases.Create_Group@271053e1</td></tr>
<tr>
<td title='com.eagle.qa.testcases.Create_Group.CreateGroups()'><b>CreateGroups</b><br>Test class: com.eagle.qa.testcases.Create_Group<br>Parameters: groupName9</td>
<td></td>
<td>30</td>
<td>com.eagle.qa.testcases.Create_Group@271053e1</td></tr>
<tr>
<td title='com.eagle.qa.testcases.Create_Group.CreateGroups()'><b>CreateGroups</b><br>Test class: com.eagle.qa.testcases.Create_Group<br>Parameters: groupName10</td>
<td></td>
<td>30</td>
<td>com.eagle.qa.testcases.Create_Group@271053e1</td></tr>
<tr>
<td title='com.eagle.qa.testcases.Home_Information.Current_Package()'><b>Current_Package</b><br>Test class: com.eagle.qa.testcases.Home_Information</td>
<td></td>
<td>5</td>
<td>com.eagle.qa.testcases.Home_Information@6fd02e5</td></tr>
<tr>
<td title='com.eagle.qa.testcases.Deletegroup_one_by_one.Groupdelete2_successfuly()'><b>Groupdelete2_successfuly</b><br>Test class: com.eagle.qa.testcases.Deletegroup_one_by_one</td>
<td></td>
<td>20</td>
<td>com.eagle.qa.testcases.Deletegroup_one_by_one@59ec2012</td></tr>
<tr>
<td title='com.eagle.qa.testcases.Deletegroup_one_by_one.Groupdelete3_successfuly()'><b>Groupdelete3_successfuly</b><br>Test class: com.eagle.qa.testcases.Deletegroup_one_by_one</td>
<td></td>
<td>20</td>
<td>com.eagle.qa.testcases.Deletegroup_one_by_one@59ec2012</td></tr>
<tr>
<td title='com.eagle.qa.testcases.Deletegroup_one_by_one.Groupdelete4_successfuly()'><b>Groupdelete4_successfuly</b><br>Test class: com.eagle.qa.testcases.Deletegroup_one_by_one</td>
<td></td>
<td>20</td>
<td>com.eagle.qa.testcases.Deletegroup_one_by_one@59ec2012</td></tr>
<tr>
<td title='com.eagle.qa.testcases.Deletegroup_one_by_one.Groupdelete_successfuly()'><b>Groupdelete_successfuly</b><br>Test class: com.eagle.qa.testcases.Deletegroup_one_by_one</td>
<td></td>
<td>22</td>
<td>com.eagle.qa.testcases.Deletegroup_one_by_one@59ec2012</td></tr>
<tr>
<td title='com.eagle.qa.testcases.Log_and_report.Log_and_Report()'><b>Log_and_Report</b><br>Test class: com.eagle.qa.testcases.Log_and_report</td>
<td></td>
<td>68</td>
<td>com.eagle.qa.testcases.Log_and_report@5700d6b1</td></tr>
<tr>
<td title='com.eagle.qa.testcases.Login_page.Loginsuccessfuly()'><b>Loginsuccessfuly</b><br>Test class: com.eagle.qa.testcases.Login_page</td>
<td></td>
<td>1</td>
<td>com.eagle.qa.testcases.Login_page@e45f292</td></tr>
<tr>
<td title='com.eagle.qa.testcases.Log_out.Logoutsuccessful()'><b>Logoutsuccessful</b><br>Test class: com.eagle.qa.testcases.Log_out</td>
<td></td>
<td>5</td>
<td>com.eagle.qa.testcases.Log_out@589838eb</td></tr>
<tr>
<td title='com.eagle.qa.testcases.Moderator.Morderotor()'><b>Morderotor</b><br>Test class: com.eagle.qa.testcases.Moderator</td>
<td></td>
<td>15</td>
<td>com.eagle.qa.testcases.Moderator@402a079c</td></tr>
<tr>
<td title='com.eagle.qa.testcases.Home_Information.Next_Billing_Date()'><b>Next_Billing_Date</b><br>Test class: com.eagle.qa.testcases.Home_Information</td>
<td></td>
<td>5</td>
<td>com.eagle.qa.testcases.Home_Information@6fd02e5</td></tr>
<tr>
<td title='com.eagle.qa.testcases.Moderator.Participant_Passcode()'><b>Participant_Passcode</b><br>Test class: com.eagle.qa.testcases.Moderator</td>
<td></td>
<td>15</td>
<td>com.eagle.qa.testcases.Moderator@402a079c</td></tr>
<tr>
<td title='com.eagle.qa.testcases.RecorderTestcase.Recorder()'><b>Recorder</b><br>Test class: com.eagle.qa.testcases.RecorderTestcase</td>
<td></td>
<td>16</td>
<td>com.eagle.qa.testcases.RecorderTestcase@1ce92674</td></tr>
<tr>
<td title='com.eagle.qa.testcases.Registration_page.Registratin()'><b>Registratin</b><br>Test class: com.eagle.qa.testcases.Registration_page</td>
<td></td>
<td>0</td>
<td>com.eagle.qa.testcases.Registration_page@5bcab519</td></tr>
<tr>
<td title='com.eagle.qa.testcases.SelectingEmail_group.SelectdropEmailgroup()'><b>SelectdropEmailgroup</b><br>Test class: com.eagle.qa.testcases.SelectingEmail_group</td>
<td></td>
<td>21</td>
<td>com.eagle.qa.testcases.SelectingEmail_group@553f17c</td></tr>
<tr>
<td title='com.eagle.qa.testcases.Profile_page_testcase.UpdateandediteProfile()'><b>UpdateandediteProfile</b><br>Test class: com.eagle.qa.testcases.Profile_page_testcase<br>Parameters: Raj, Gunjali, 9.902938769E9, ITPL, Manglore, Ka, India, 560033.0</td>
<td></td>
<td>46</td>
<td>com.eagle.qa.testcases.Profile_page_testcase@2f686d1f</td></tr>
<tr>
<td title='com.eagle.qa.testcases.Profile_page_testcase.UpdateandediteProfile()'><b>UpdateandediteProfile</b><br>Test class: com.eagle.qa.testcases.Profile_page_testcase<br>Parameters: Devaraj Gunjali, Raj, 6.360232441E9, itpl, Bangloere, KA, India, 560333.0</td>
<td></td>
<td>46</td>
<td>com.eagle.qa.testcases.Profile_page_testcase@2f686d1f</td></tr>
<tr>
<td title='com.eagle.qa.testcases.WebConference_invitation.WebConference__invitation()'><b>WebConference__invitation</b><br>Test class: com.eagle.qa.testcases.WebConference_invitation<br>Parameters: dev@eagleconferencing.in, Test, Test</td>
<td></td>
<td>1</td>
<td>com.eagle.qa.testcases.WebConference_invitation@42dafa95</td></tr>
<tr>
<td title='com.eagle.qa.testcases.Conference_both.WebConference__invitation_both()'><b>WebConference__invitation_both</b><br>Test class: com.eagle.qa.testcases.Conference_both<br>Parameters: dev@eagleconferencing.in, Test, Test</td>
<td></td>
<td>2</td>
<td>com.eagle.qa.testcases.Conference_both@3fee9989</td></tr>
<tr>
<td title='com.eagle.qa.testcases.Add_Contacts.cancelbutton()'><b>cancelbutton</b><br>Test class: com.eagle.qa.testcases.Add_Contacts</td>
<td></td>
<td>18</td>
<td>com.eagle.qa.testcases.Add_Contacts@6500df86</td></tr>
<tr>
<td title='com.eagle.qa.testcases.forgotPassword.forgotpassword()'><b>forgotpassword</b><br>Test class: com.eagle.qa.testcases.forgotPassword<br>Parameters: devarajgunjali91@gmail.com</td>
<td></td>
<td>34</td>
<td>com.eagle.qa.testcases.forgotPassword@4f7d0008</td></tr>
<tr>
<td title='com.eagle.qa.testcases.Log_and_report.last30day_Report()'><b>last30day_Report</b><br>Test class: com.eagle.qa.testcases.Log_and_report</td>
<td></td>
<td>11</td>
<td>com.eagle.qa.testcases.Log_and_report@5700d6b1</td></tr>
<tr>
<td title='com.eagle.qa.testcases.Log_and_report.last7day_Report()'><b>last7day_Report</b><br>Test class: com.eagle.qa.testcases.Log_and_report</td>
<td></td>
<td>10</td>
<td>com.eagle.qa.testcases.Log_and_report@5700d6b1</td></tr>
<tr>
<td title='com.eagle.qa.testcases.Log_and_report.lastmonth_Report()'><b>lastmonth_Report</b><br>Test class: com.eagle.qa.testcases.Log_and_report</td>
<td></td>
<td>10</td>
<td>com.eagle.qa.testcases.Log_and_report@5700d6b1</td></tr>
<tr>
<td title='com.eagle.qa.testcases.Aoudio_conference.onfer_Invitation()'><b>onfer_Invitation</b><br>Test class: com.eagle.qa.testcases.Aoudio_conference<br>Parameters: dev@eagleconferencing.in, Test, Test</td>
<td></td>
<td>26</td>
<td>com.eagle.qa.testcases.Aoudio_conference@7085bdee</td></tr>
<tr>
<td title='com.eagle.qa.testcases.Payment_test.payment()'><b>payment</b><br>Test class: com.eagle.qa.testcases.Payment_test</td>
<td></td>
<td>11</td>
<td>com.eagle.qa.testcases.Payment_test@4cf777e8</td></tr>
<tr>
<td title='com.eagle.qa.testcases.Log_and_report.thismonth_Report()'><b>thismonth_Report</b><br>Test class: com.eagle.qa.testcases.Log_and_report</td>
<td></td>
<td>10</td>
<td>com.eagle.qa.testcases.Log_and_report@5700d6b1</td></tr>
<tr>
<td title='com.eagle.qa.testcases.Log_and_report.today_Report()'><b>today_Report</b><br>Test class: com.eagle.qa.testcases.Log_and_report</td>
<td></td>
<td>10</td>
<td>com.eagle.qa.testcases.Log_and_report@5700d6b1</td></tr>
<tr>
<td title='com.eagle.qa.testcases.Log_and_report.yestrday_report()'><b>yestrday_report</b><br>Test class: com.eagle.qa.testcases.Log_and_report</td>
<td></td>
<td>10</td>
<td>com.eagle.qa.testcases.Log_and_report@5700d6b1</td></tr>
</table><p>
</body>
</html>